381981580
321563983
403027971
461110830
427010741
472397462
444607089
387618464
364401448
381445939
412287029
432905867
407063732
332541921
459857241
388885285
372736816
353244281
414422102
471534076
318063639
447007081
377094939
391802509
314081038
406764286
446197801
425639685
343694042
399628173
423944950
391132748
378777870
329409619
414481640
370456556
372514788
341974717
367608662
387283272
362328375
296280228
412165945
450890110
440127270
336468652
369716419
381406076
447849457
378186972
376002994
350456611
449901802
397465966
341997177
370678753
352563870
348052675
455517417
365020269
426795135
392104216
375420926
331691361
453495375
355844171
447117847
366361587
475467618
349360147
426409666
411954720
458733410
463606894
343721381
374741229
392858004
353697657
408008482
414853246
470892341
389115351
442663921
391021411
365307793
463231908
440961270
402083903
388400513
359390047
313668974
405916014
408806196
343796223
320902161
382161257
397021020
350643509
449410493
341790424
392292661
363086360
391280969
368876629
378007242
396760781
374907907
399668014
338660338
449544150
394697963
471796711
381208920
423774925
463530377
448793647
454381891
352193486
363789593
366575913
316599542
452843507
450014209
379763461
447986535
367040793
465583552
424161436
424622850
415902457
458695888
418797923
336932928
368566016
408801472
330003379
442881464
452134483
385792052
485487613
489617042
364243595
375646560
363898708
395084775
370592789
219162841
419424602
405522301
329253913
426560670
360658426
385220951
352831989
444904138
376238791
388775581
423100791
412129805
481727757
411024911
327464587
331701958
394413706
397887957
367121752
407204204
354894181
358239648
381246731
399048545
457091850
336767144
354035013
448959783
394037485
338765670
310920157
340635866
431467512
393946490
390677436
406964005
441424065
439463567
332381188
367039674
401720397
464359173
469181406
423272146
409146220
347288409
484872360
327297661
416273095
444232546
337343549
407883375
471375102
421210932
369661830
379934234
434182044
395211316
479170570
403098949
354221321
429328759
329516216
423770822
435011614
300981344
422260912
383015906
340159521
333245059
374857121
367255616
429356633
424841855
399930647
446377807
378579824
388813999
417989529
430330144
458376054
405820063
394557737
350095688
406053370
384617246
349369654
369081598
452976338
358699597
455935337
422450092
236887260
441335920
436439380
348291756
489400475
356714689
369655649
433199143
368106850
435964199
395329586
446874891
364264104
415325135
420160281
377217259
410286403
381089021
365472149
425023816
346087874
308716966
428548157
419353497
394919607
308582132
416004650
361598103
399847440
369037746
390751216
377674770
386614358
321940376
466894444
470504976
330765979
316173108
372614319
385580409
397269559
419567828
410599775
416837825
477584078
365634638
395828433
465729349
391393271
380417157
445540298
465963220
390297730
445123674
413293145
379751250
440811306
372735854
379357870
414363392
329171258
405963441
470789085
334049961
364486984
441424002
416936534
358368050
427285096
378711285
413588371
383619555
356495743
343068407
413530231
382521066
318125392
389044673
376008646
336146951
438667469
359737397
369002365
401429175
359697051
421154630
411322852
406883136
407262225
409938107
409560858
416705976
396685356
349371445
355795077
401051427
363664011
469841114
351143049
417378242
363593853
399397109
436006630
394188544
323069196
371175422
401138763
386135955
311759695
362994336
415658945
320544815
324505505
385720862
440159124
385910744
321692980
403842930
366379682
461965343
384514108
352158563
395155462
367330569
340047846
343157240
386432864
427030012
410746444
394127294
383933685
434913371
357706347
407087767
413619468
350292757
338743227
389190184
438778572
377479576
374654132
384363995
385252799
359235331
348708285
339984430
383397778
342122744
478390527
433850895
381406203
378884292
373242884
427292184
435714108
422853677
476694676
349079026
358049305
393368349
375088575
410172043
399489370
388914985
368338760
377081064
387690899
459524800
415816883
358121709
365295348
444052509
415306873
390614072
445669120
474515849
381632740
428494312
378371463
389307705
365392041
334924292
419685027
454429222
397298724
415473426
388495804
323939861
345464875
416268486
378610020
356895779
354113447
310666865
360473937
358896177
431211528
489236652
446220721
432073201
429410016
299473149
396038899
338834141
420516378
516030793
480921540
384583474
394235782
378654206
324961622
320088096
346711315
394232446
361053635
365962455
358540650
416318692
366666697
425800197
330367871
329029242
372493745
362105760
379580243
443043951
425287209
431739730
462854697
453978266
352883544
338536893
426423628
349972022
445878726
371582816
432750357
441606784
396274522
344044609
388890602
412703806
400715077
473249023
370080799
402033465
406997906
385250759
396259222
428431276
401398740
466295957
410817437
451824089
289272661
416106538
359553521
